Determining if the pthread_create exist failed with the following output:
Change Dir: /home/viki/Git/ENPM_808X_Week3_HW/Software_Engineering_Exercise_9.4/cpp-boilerplate/build/CMakeFiles/CMakeTmp

Run Build Command:"/usr/bin/make" "cmTryCompileExec235023669/fast"
/usr/bin/make -f CMakeFiles/cmTryCompileExec235023669.dir/build.make CMakeFiles/cmTryCompileExec235023669.dir/build
make[1]: Entering directory `/home/viki/Git/ENPM_808X_Week3_HW/Software_Engineering_Exercise_9.4/cpp-boilerplate/build/CMakeFiles/CMakeTmp'
/usr/bin/cmake -E cmake_progress_report /home/viki/Git/ENPM_808X_Week3_HW/Software_Engineering_Exercise_9.4/cpp-boilerplate/build/CMakeFiles/CMakeTmp/CMakeFiles 1
Building C object CMakeFiles/cmTryCompileExec235023669.dir/CheckSymbolExists.c.o
/usr/bin/cc    -o CMakeFiles/cmTryCompileExec235023669.dir/CheckSymbolExists.c.o   -c /home/viki/Git/ENPM_808X_Week3_HW/Software_Engineering_Exercise_9.4/cpp-boilerplate/build/CMakeFiles/CMakeTmp/CheckSymbolExists.c
Linking C executable cmTryCompileExec235023669
/usr/bin/cmake -E cmake_link_script CMakeFiles/cmTryCompileExec235023669.dir/link.txt --verbose=1
/usr/bin/cc       CMakeFiles/cmTryCompileExec235023669.dir/CheckSymbolExists.c.o  -o cmTryCompileExec235023669 -rdynamic 
CMakeFiles/cmTryCompileExec235023669.dir/CheckSymbolExists.c.o: In function `main':
CheckSymbolExists.c:(.text+0x16): undefined reference to `pthread_create'
collect2: error: ld returned 1 exit status
make[1]: Leaving directory `/home/viki/Git/ENPM_808X_Week3_HW/Software_Engineering_Exercise_9.4/cpp-boilerplate/build/CMakeFiles/CMakeTmp'
make[1]: *** [cmTryCompileExec235023669] Error 1
make: *** [cmTryCompileExec235023669/fast] Error 2

File /home/viki/Git/ENPM_808X_Week3_HW/Software_Engineering_Exercise_9.4/cpp-boilerplate/build/CMakeFiles/CMakeTmp/CheckSymbolExists.c:
/* */
#include <pthread.h>

int main(int argc, char** argv)
{
  (void)argv;
#ifndef pthread_create
  return ((int*)(&pthread_create))[argc];
#else
  (void)argc;
  return 0;
#endif
}

Determining if the function pthread_create exists in the pthreads failed with the following output:
Change Dir: /home/viki/Git/ENPM_808X_Week3_HW/Software_Engineering_Exercise_9.4/cpp-boilerplate/build/CMakeFiles/CMakeTmp

Run Build Command:"/usr/bin/make" "cmTryCompileExec2588407404/fast"
/usr/bin/make -f CMakeFiles/cmTryCompileExec2588407404.dir/build.make CMakeFiles/cmTryCompileExec2588407404.dir/build
make[1]: Entering directory `/home/viki/Git/ENPM_808X_Week3_HW/Software_Engineering_Exercise_9.4/cpp-boilerplate/build/CMakeFiles/CMakeTmp'
/usr/bin/cmake -E cmake_progress_report /home/viki/Git/ENPM_808X_Week3_HW/Software_Engineering_Exercise_9.4/cpp-boilerplate/build/CMakeFiles/CMakeTmp/CMakeFiles 1
Building C object CMakeFiles/cmTryCompileExec2588407404.dir/CheckFunctionExists.c.o
/usr/bin/cc   -DCHECK_FUNCTION_EXISTS=pthread_create   -o CMakeFiles/cmTryCompileExec2588407404.dir/CheckFunctionExists.c.o   -c /usr/share/cmake-3.2/Modules/CheckFunctionExists.c
Linking C executable cmTryCompileExec2588407404
/usr/bin/cmake -E cmake_link_script CMakeFiles/cmTryCompileExec2588407404.dir/link.txt --verbose=1
/usr/bin/cc   -DCHECK_FUNCTION_EXISTS=pthread_create    CMakeFiles/cmTryCompileExec2588407404.dir/CheckFunctionExists.c.o  -o cmTryCompileExec2588407404 -rdynamic -lpthreads 
/usr/bin/ld: cannot find -lpthreads
collect2: error: ld returned 1 exit status
make[1]: Leaving directory `/home/viki/Git/ENPM_808X_Week3_HW/Software_Engineering_Exercise_9.4/cpp-boilerplate/build/CMakeFiles/CMakeTmp'
make[1]: *** [cmTryCompileExec2588407404] Error 1
make: *** [cmTryCompileExec2588407404/fast] Error 2


